<?xml version="1.0" encoding="UTF-8"?>
<testng-results ignored="0" total="1" passed="1" failed="0" skipped="0">
  <reporter-output>
  </reporter-output>
  <suite started-at="2023-07-30T16:45:35 PST" name="Default suite" finished-at="2023-07-30T16:45:51 PST" duration-ms="15989">
    <groups>
    </groups>
    <test started-at="2023-07-30T16:45:35 PST" name="Default test" finished-at="2023-07-30T16:45:51 PST" duration-ms="15989">
      <class name="test.TrialTestCase">
        <test-method is-config="true" signature="setup()[pri:0, instance:test.TrialTestCase@2a8448fa]" started-at="2023-07-30T16:45:35 PST" name="setup" finished-at="2023-07-30T16:45:44 PST" duration-ms="8633" status="PASS">
          <reporter-output>
          </reporter-output>
        </test-method> <!-- setup -->
        <test-method signature="sampleTest()[pri:0, instance:test.TrialTestCase@2a8448fa]" started-at="2023-07-30T16:45:44 PST" name="sampleTest" finished-at="2023-07-30T16:45:51 PST" duration-ms="7224" status="PASS">
          <reporter-output>
          </reporter-output>
        </test-method> <!-- sampleTest -->
        <test-method is-config="true" signature="tearDown()[pri:0, instance:test.TrialTestCase@2a8448fa]" started-at="2023-07-30T16:45:51 PST" name="tearDown" finished-at="2023-07-30T16:45:51 PST" duration-ms="110" status="PASS">
          <reporter-output>
          </reporter-output>
        </test-method> <!-- tearDown -->
      </class> <!-- test.TrialTestCase -->
    </test> <!-- Default test -->
  </suite> <!-- Default suite -->
</testng-results>
